Using pre-set license
Built from '2020.3/staging' branch; Version is '2020.3.6f1 (338bb68529b2) revision 3378102'; Using compiler version '192528614'; Build Type 'Release'
OS: 'Windows 10 Home; OS build 19041.985; Version 2004; 64bit' Language: 'en' Physical Memory: 16332 MB
BatchMode: 1, IsHumanControllingUs: 0, StartBugReporterOnCrash: 0, Is64bit: 1, IsPro: 0

 COMMAND LINE ARGUMENTS:
C:\Program Files\Unity\Hub\Editor\2020.3.6f1\Editor\Unity.exe
-adb2
-batchMode
-noUpm
-name
AssetImportWorker0
-projectPath
C:/Users/Clayton/Desktop/Create with VR/Create-with-VR_2020LTS/VR Room Project
-logFile
Logs/AssetImportWorker0.log
-srvPort
53940
Successfully changed project path to: C:/Users/Clayton/Desktop/Create with VR/Create-with-VR_2020LTS/VR Room Project
C:/Users/Clayton/Desktop/Create with VR/Create-with-VR_2020LTS/VR Room Project
Using Asset Import Pipeline V2.
Refreshing native plugins compatible for Editor in 62.12 ms, found 8 plugins.
Preloading 1 native plugins for Editor in 0.77 ms.
Initialize engine version: 2020.3.6f1 (338bb68529b2)
[Subsystems] Discovering subsystems at path C:/Program Files/Unity/Hub/Editor/2020.3.6f1/Editor/Data/Resources/UnitySubsystems
[Subsystems] Discovering subsystems at path C:/Users/Clayton/Desktop/Create with VR/Create-with-VR_2020LTS/VR Room Project/Assets
GfxDevice: creating device client; threaded=0
Direct3D:
    Version:  Direct3D 11.0 [level 11.1]
    Renderer: NVIDIA GeForce GTX 1050 Ti (ID=0x1c82)
    Vendor:   
    VRAM:     4018 MB
    Driver:   27.21.14.5751
Shader 'Universal Render Pipeline/Particles/Lit': fallback shader 'Universal Render Pipeline/Particles/SimpleLit' not found
Initialize mono
Mono path[0] = 'C:/Program Files/Unity/Hub/Editor/2020.3.6f1/Editor/Data/Managed'
Mono path[1] = 'C:/Program Files/Unity/Hub/Editor/2020.3.6f1/Editor/Data/MonoBleedingEdge/lib/mono/unityjit'
Mono config path = 'C:/Program Files/Unity/Hub/Editor/2020.3.6f1/Editor/Data/MonoBleedingEdge/etc'
Using monoOptions --debugger-agent=transport=dt_socket,embedding=1,server=y,suspend=n,address=127.0.0.1:56772
Begin MonoManager ReloadAssembly
Registering precompiled unity dll's ...
Register platform support module: C:/Program Files/Unity/Hub/Editor/2020.3.6f1/Editor/Data/PlaybackEngines/WebGLSupport/UnityEditor.WebGL.Extensions.dll
Register platform support module: C:/Program Files/Unity/Hub/Editor/2020.3.6f1/Editor/Data/PlaybackEngines/WindowsStandaloneSupport/UnityEditor.WindowsStandalone.Extensions.dll
Registered in 0.002455 seconds.
Native extension for WindowsStandalone target not found
Native extension for WebGL target not found
Refreshing native plugins compatible for Editor in 48.55 ms, found 8 plugins.
Preloading 1 native plugins for Editor in 0.12 ms.
Mono: successfully reloaded assembly
- Completed reload, in  1.817 seconds
Platform modules already initialized, skipping
Registering precompiled user dll's ...
Registered in 0.005331 seconds.
Begin MonoManager ReloadAssembly
Native extension for WindowsStandalone target not found
Native extension for WebGL target not found
Refreshing native plugins compatible for Editor in 52.30 ms, found 8 plugins.
Preloading 1 native plugins for Editor in 0.11 ms.
[XR] OculusXRPlugin: registering subsystems
[XR] Unable to register display lifecyle provider: [1]
[XR] Oculus Input lifecycle provider registered.
[XR] Unable to register input lifecyle provider: [1]
NullReferenceException: Object reference not set to an instance of an object
  at Unity.XR.Oculus.OculusLoader.AssetPathToAbsolutePath (System.String assetPath) [0x00048] in C:\Users\Clayton\Desktop\Create with VR\Create-with-VR_2020LTS\VR Room Project\Library\PackageCache\com.unity.xr.oculus@1.9.1\Runtime\OculusLoader.cs:249 
  at Unity.XR.Oculus.OculusLoader.EditorLoadOVRPlugin () [0x0007b] in C:\Users\Clayton\Desktop\Create with VR\Create-with-VR_2020LTS\VR Room Project\Library\PackageCache\com.unity.xr.oculus@1.9.1\Runtime\OculusLoader.cs:234 

(Filename: Library/PackageCache/com.unity.xr.oculus@1.9.1/Runtime/OculusLoader.cs Line: 249)

Mono: successfully reloaded assembly
- Completed reload, in  0.980 seconds
Platform modules already initialized, skipping
========================================================================
Worker process is ready to serve import requests
Shader 'Universal Render Pipeline/Particles/Lit': fallback shader 'Universal Render Pipeline/Particles/SimpleLit' not found
Launched and connected shader compiler UnityShaderCompiler.exe after 0.08 seconds
Refreshing native plugins compatible for Editor in 0.79 ms, found 8 plugins.
Preloading 1 native plugins for Editor in 0.09 ms.
Unloading 3121 Unused Serialized files (Serialized files now loaded: 0)
System memory in use before: 147.1 MB.
System memory in use after: 147.1 MB.

Unloading 29 unused Assets to reduce memory usage. Loaded Objects now: 3576.
Total: 2.407000 ms (FindLiveObjects: 0.257300 ms CreateObjectMapping: 0.134100 ms MarkObjects: 1.935500 ms  DeleteObjects: 0.079000 ms)

========================================================================
Received Import Request.
  path: Assets
  artifactKey: Guid(00000000000000001000000000000000) Importer(815301076,1909f56bfc062723c751e8b465ee728b)
Start importing Assets using Guid(00000000000000001000000000000000) Importer(815301076,1909f56bfc062723c751e8b465ee728b)  -> (artifact id: '2c602d4445bd9e0e517b9a7c882a2249') in 0.010966 seconds
  Import took 0.017313 seconds .

========================================================================
Received Import Request.
  Time since last request: 3.001296 seconds.
  path: Assets/TransferTest
  artifactKey: Guid(60fe66f6ce7c7154f86d207ffdc60456) Importer(815301076,1909f56bfc062723c751e8b465ee728b)
Start importing Assets/TransferTest using Guid(60fe66f6ce7c7154f86d207ffdc60456) Importer(815301076,1909f56bfc062723c751e8b465ee728b)  -> (artifact id: 'da6398466c5a1fa91b013148f79813b9') in 0.006728 seconds
  Import took 0.013111 seconds .

========================================================================
Received Import Request.
  Time since last request: 0.003808 seconds.
  path: Assets/TransferTest
  artifactKey: Guid(60fe66f6ce7c7154f86d207ffdc60456) Importer(815301076,1909f56bfc062723c751e8b465ee728b)
Start importing Assets/TransferTest using Guid(60fe66f6ce7c7154f86d207ffdc60456) Importer(815301076,1909f56bfc062723c751e8b465ee728b)  -> (artifact id: 'da6398466c5a1fa91b013148f79813b9') in 0.001931 seconds
  Import took 0.008123 seconds .

========================================================================
Received Import Request.
  Time since last request: 3.545539 seconds.
  path: Assets/TransferTest/XR Rig.prefab
  artifactKey: Guid(915e04b35ccfb5048b751f8b174708bd) Importer(815301076,1909f56bfc062723c751e8b465ee728b)
Start importing Assets/TransferTest/XR Rig.prefab using Guid(915e04b35ccfb5048b751f8b174708bd) Importer(815301076,1909f56bfc062723c751e8b465ee728b)  -> (artifact id: '7c4d679872892b788c9563f02dd11479') in 0.143752 seconds
  Import took 0.156554 seconds .

========================================================================
Received Import Request.
  Time since last request: 136.004670 seconds.
  path: Assets/_Course Library/_Prefabs/VR/Hands
  artifactKey: Guid(5b8d3e10fc7b94d9ea7ec07dfb11ac18) Importer(815301076,1909f56bfc062723c751e8b465ee728b)
Start importing Assets/_Course Library/_Prefabs/VR/Hands using Guid(5b8d3e10fc7b94d9ea7ec07dfb11ac18) Importer(815301076,1909f56bfc062723c751e8b465ee728b)  -> (artifact id: '5aad23a77c232768726e28a177294c4d') in 0.007374 seconds
  Import took 0.013130 seconds .

========================================================================
Received Import Request.
  Time since last request: 12.091108 seconds.
  path: Assets/_Course Library/Textures/Icon_Close.png
  artifactKey: Guid(811cf8ccf45f8c4439f6c52f9c345fcd) Importer(815301076,1909f56bfc062723c751e8b465ee728b)
Start importing Assets/_Course Library/Textures/Icon_Close.png using Guid(811cf8ccf45f8c4439f6c52f9c345fcd) Importer(815301076,1909f56bfc062723c751e8b465ee728b)  -> (artifact id: '336482aeaa0fae9443a25de5787d3321') in 0.057562 seconds
  Import took 0.064788 seconds .

========================================================================
Received Import Request.
  Time since last request: 0.000324 seconds.
  path: Assets/_Course Library/Textures/Icon_Gear.png
  artifactKey: Guid(5cc05834449b82544bd1a87bc90bd81e) Importer(815301076,1909f56bfc062723c751e8b465ee728b)
Start importing Assets/_Course Library/Textures/Icon_Gear.png using Guid(5cc05834449b82544bd1a87bc90bd81e) Importer(815301076,1909f56bfc062723c751e8b465ee728b)  -> (artifact id: 'eac586ca9d68983cc6f2627205e1b2d5') in 0.023568 seconds
  Import took 0.029740 seconds .

========================================================================
Received Import Request.
  Time since last request: 0.000283 seconds.
  path: Assets/_Course Library/Textures/Mirror_Texture_Black.renderTexture
  artifactKey: Guid(5c66ef5a44f9143fea4b30a1fabe8fbb) Importer(815301076,1909f56bfc062723c751e8b465ee728b)
Start importing Assets/_Course Library/Textures/Mirror_Texture_Black.renderTexture using Guid(5c66ef5a44f9143fea4b30a1fabe8fbb) Importer(815301076,1909f56bfc062723c751e8b465ee728b)  -> (artifact id: 'c988beee2c96884f699b0687228c967f') in 0.026856 seconds
  Import took 0.032746 seconds .

========================================================================
Received Import Request.
  Time since last request: 0.000240 seconds.
  path: Assets/_Course Library/Textures/StoneWall_Texture.jpg
  artifactKey: Guid(d5f3743f553fe1349a6203a70f7bbe1e) Importer(815301076,1909f56bfc062723c751e8b465ee728b)
Start importing Assets/_Course Library/Textures/StoneWall_Texture.jpg using Guid(d5f3743f553fe1349a6203a70f7bbe1e) Importer(815301076,1909f56bfc062723c751e8b465ee728b)  -> (artifact id: 'ddcc7aea13d12ff3cac845de2b4727ae') in 0.018630 seconds
  Import took 0.024397 seconds .

========================================================================
Received Import Request.
  Time since last request: 0.000221 seconds.
  path: Assets/_Course Library/Textures/Mirror_Texture_Brown.renderTexture
  artifactKey: Guid(7728fcccb7eeb4c7294266bf1e09e250) Importer(815301076,1909f56bfc062723c751e8b465ee728b)
Start importing Assets/_Course Library/Textures/Mirror_Texture_Brown.renderTexture using Guid(7728fcccb7eeb4c7294266bf1e09e250) Importer(815301076,1909f56bfc062723c751e8b465ee728b)  -> (artifact id: 'ccae655a095eb36acba866cd4e595ab5') in 0.013345 seconds
  Import took 0.019797 seconds .

========================================================================
Received Import Request.
  Time since last request: 0.000233 seconds.
  path: Assets/_Course Library/Textures/WoodFloor_Texture.png
  artifactKey: Guid(79a6f16b6c7b08541813ca8532fb917c) Importer(815301076,1909f56bfc062723c751e8b465ee728b)
Start importing Assets/_Course Library/Textures/WoodFloor_Texture.png using Guid(79a6f16b6c7b08541813ca8532fb917c) Importer(815301076,1909f56bfc062723c751e8b465ee728b)  -> (artifact id: '7113dab8ef233a8d2e8ad8b4a0ca0e1c') in 0.014529 seconds
  Import took 0.020447 seconds .

========================================================================
Received Import Request.
  Time since last request: 0.000164 seconds.
  path: Assets/_Course Library/Textures/InteriorColourSwatch.png
  artifactKey: Guid(22560b08cafc5da46b333eef8c0c711c) Importer(815301076,1909f56bfc062723c751e8b465ee728b)
Start importing Assets/_Course Library/Textures/InteriorColourSwatch.png using Guid(22560b08cafc5da46b333eef8c0c711c) Importer(815301076,1909f56bfc062723c751e8b465ee728b)  -> (artifact id: '9ccbf8e061b21d61667e5ea8d6a3281e') in 0.016849 seconds
  Import took 0.023482 seconds .

========================================================================
Received Import Request.
  Time since last request: 3.373211 seconds.
  path: Assets/XR/XRGeneralSettings.asset
  artifactKey: Guid(d3134b6f939114be9b8d6dbeff42d453) Importer(815301076,1909f56bfc062723c751e8b465ee728b)
Start importing Assets/XR/XRGeneralSettings.asset using Guid(d3134b6f939114be9b8d6dbeff42d453) Importer(815301076,1909f56bfc062723c751e8b465ee728b)  -> (artifact id: 'abb98c5e678da9486fbfc8774a6ba603') in 0.009480 seconds
  Import took 0.015183 seconds .

========================================================================
Received Import Request.
  Time since last request: 1.081543 seconds.
  path: Assets/XR/Settings
  artifactKey: Guid(5c49fd73b78734145b2ce6a207e16ec8) Importer(815301076,1909f56bfc062723c751e8b465ee728b)
Start importing Assets/XR/Settings using Guid(5c49fd73b78734145b2ce6a207e16ec8) Importer(815301076,1909f56bfc062723c751e8b465ee728b)  -> (artifact id: '84678c6dd69b9d1e91a6efa819ea3a4f') in 0.006003 seconds
  Import took 0.011008 seconds .

========================================================================
Received Import Request.
  Time since last request: 0.057030 seconds.
  path: Assets/XR/Settings/Oculus Settings.asset
  artifactKey: Guid(8fccb80e6c9a84389a75f2c1ed4d786d) Importer(815301076,1909f56bfc062723c751e8b465ee728b)
Start importing Assets/XR/Settings/Oculus Settings.asset using Guid(8fccb80e6c9a84389a75f2c1ed4d786d) Importer(815301076,1909f56bfc062723c751e8b465ee728b)  -> (artifact id: '86c2ae71c04b377e79ea58f83a6f9287') in 0.009885 seconds
  Import took 0.015276 seconds .

========================================================================
Received Import Request.
  Time since last request: 0.000215 seconds.
  path: Assets/XR/Settings/OpenXR Editor Settings.asset
  artifactKey: Guid(4ebed251fef9e43bda281b963aa75cc0) Importer(815301076,1909f56bfc062723c751e8b465ee728b)
Start importing Assets/XR/Settings/OpenXR Editor Settings.asset using Guid(4ebed251fef9e43bda281b963aa75cc0) Importer(815301076,1909f56bfc062723c751e8b465ee728b)  -> (artifact id: '96eba5f4cb2133cf111ca823508e729a') in 0.008685 seconds
  Import took 0.013722 seconds .

========================================================================
Received Import Request.
  Time since last request: 0.000162 seconds.
  path: Assets/XR/Settings/Open XR Package Settings.asset
  artifactKey: Guid(2b485d7676a7d4b3eba3a764bd60d013) Importer(815301076,1909f56bfc062723c751e8b465ee728b)
Start importing Assets/XR/Settings/Open XR Package Settings.asset using Guid(2b485d7676a7d4b3eba3a764bd60d013) Importer(815301076,1909f56bfc062723c751e8b465ee728b)  -> (artifact id: 'ad220818bef26466cd88f6aeb851a817') in 0.010218 seconds
  Import took 0.015388 seconds .

========================================================================
Received Import Request.
  Time since last request: 455.346746 seconds.
  path: Assets/_Course Library/Audio/Music/Music_Classical_Bach_Goldberg-Variations.ogg
  artifactKey: Guid(fe112c6648072400daed693075b62682) Importer(815301076,1909f56bfc062723c751e8b465ee728b)
Start importing Assets/_Course Library/Audio/Music/Music_Classical_Bach_Goldberg-Variations.ogg using Guid(fe112c6648072400daed693075b62682) Importer(815301076,1909f56bfc062723c751e8b465ee728b)  -> (artifact id: 'f395d101b6232de5d447795d77f99419') in 0.035343 seconds
  Import took 0.041366 seconds .

========================================================================
Received Import Request.
  Time since last request: 0.000230 seconds.
  path: Assets/_Course Library/Audio/Music/Music_Classical_Beethoven_Moonlight-Sonata.ogg
  artifactKey: Guid(17e53586d00594414b8cb9c4bf7cfd7e) Importer(815301076,1909f56bfc062723c751e8b465ee728b)
Start importing Assets/_Course Library/Audio/Music/Music_Classical_Beethoven_Moonlight-Sonata.ogg using Guid(17e53586d00594414b8cb9c4bf7cfd7e) Importer(815301076,1909f56bfc062723c751e8b465ee728b)  -> (artifact id: 'cbfefa71d298ca47b9dcff24b0ed2b64') in 0.023468 seconds
  Import took 0.028279 seconds .

========================================================================
Received Import Request.
  Time since last request: 0.000215 seconds.
  path: Assets/_Course Library/Audio/Music/Music_Classical_Chopin_Nocturne-no-2.ogg
  artifactKey: Guid(9b225ef4f19cf441f8d7df84ea0f21ad) Importer(815301076,1909f56bfc062723c751e8b465ee728b)
Start importing Assets/_Course Library/Audio/Music/Music_Classical_Chopin_Nocturne-no-2.ogg using Guid(9b225ef4f19cf441f8d7df84ea0f21ad) Importer(815301076,1909f56bfc062723c751e8b465ee728b)  -> (artifact id: '0065d1881774aa6a7024452c5f485a43') in 0.018809 seconds
  Import took 0.023960 seconds .

========================================================================
Received Import Request.
  Time since last request: 0.001862 seconds.
  path: Assets/_Course Library/Audio/Music/Music_Classical_Chopin_Nocturne-no-2.ogg
  artifactKey: Guid(9b225ef4f19cf441f8d7df84ea0f21ad) Importer(815301076,1909f56bfc062723c751e8b465ee728b)
Start importing Assets/_Course Library/Audio/Music/Music_Classical_Chopin_Nocturne-no-2.ogg using Guid(9b225ef4f19cf441f8d7df84ea0f21ad) Importer(815301076,1909f56bfc062723c751e8b465ee728b)  -> (artifact id: '0065d1881774aa6a7024452c5f485a43') in 0.012255 seconds
  Import took 0.016632 seconds .

========================================================================
Received Import Request.
  Time since last request: 1.391696 seconds.
  path: Assets/_Course Library/Models/Art_Painting_1.fbx
  artifactKey: Guid(532e7074e2e914c4190b79a6fd2a2669) Importer(815301076,1909f56bfc062723c751e8b465ee728b)
Start importing Assets/_Course Library/Models/Art_Painting_1.fbx using Guid(532e7074e2e914c4190b79a6fd2a2669) Importer(815301076,1909f56bfc062723c751e8b465ee728b)  -> (artifact id: '48d42ebc66e30a9eae3ad9b5a9987724') in 0.338361 seconds
  Import took 0.343676 seconds .

========================================================================
Received Import Request.
  Time since last request: 0.000241 seconds.
  path: Assets/_Course Library/Models/Fireplace_modern_Log5.FBX
  artifactKey: Guid(9f194f8008a68124eb5eac565ed9f9f9) Importer(815301076,1909f56bfc062723c751e8b465ee728b)
Start importing Assets/_Course Library/Models/Fireplace_modern_Log5.FBX using Guid(9f194f8008a68124eb5eac565ed9f9f9) Importer(815301076,1909f56bfc062723c751e8b465ee728b)  -> (artifact id: 'd0fcd0844b63fc072f18e252c033493d') in 0.031032 seconds
  Import took 0.035870 seconds .

========================================================================
Received Import Request.
  Time since last request: 0.000260 seconds.
  path: Assets/_Course Library/Models/Container_WateringCan.fbx
  artifactKey: Guid(d569962d51477d94a8f8502b1f740b3f) Importer(815301076,1909f56bfc062723c751e8b465ee728b)
Start importing Assets/_Course Library/Models/Container_WateringCan.fbx using Guid(d569962d51477d94a8f8502b1f740b3f) Importer(815301076,1909f56bfc062723c751e8b465ee728b)  -> (artifact id: 'dfd09ed82df18b093cf749489aa960a1') in 0.026442 seconds
  Import took 0.031805 seconds .

========================================================================
Received Import Request.
  Time since last request: 0.000223 seconds.
  path: Assets/_Course Library/Models/Chair_Rustic_B.fbx
  artifactKey: Guid(524a1d56c9e4b094ab81b571f753ce16) Importer(815301076,1909f56bfc062723c751e8b465ee728b)
Start importing Assets/_Course Library/Models/Chair_Rustic_B.fbx using Guid(524a1d56c9e4b094ab81b571f753ce16) Importer(815301076,1909f56bfc062723c751e8b465ee728b)  -> (artifact id: '82821f054e36ba25b4a49a1688fde4fa') in 0.023747 seconds
  Import took 0.029132 seconds .

========================================================================
Received Import Request.
  Time since last request: 0.000151 seconds.
  path: Assets/_Course Library/Models/Drawers_Traditional.fbx
  artifactKey: Guid(67694f14d5fd8314bb5cbefc9d95a47a) Importer(815301076,1909f56bfc062723c751e8b465ee728b)
Start importing Assets/_Course Library/Models/Drawers_Traditional.fbx using Guid(67694f14d5fd8314bb5cbefc9d95a47a) Importer(815301076,1909f56bfc062723c751e8b465ee728b)  -> (artifact id: 'f04c7ee989e45ef8ef9a0cf94e41ac9b') in 0.076706 seconds
  Import took 0.081966 seconds .

========================================================================
Received Import Request.
  Time since last request: 0.000193 seconds.
  path: Assets/_Course Library/Models/Fan_A_1.fbx
  artifactKey: Guid(748c068008049a445b43e59d1fcb1485) Importer(815301076,1909f56bfc062723c751e8b465ee728b)
Start importing Assets/_Course Library/Models/Fan_A_1.fbx using Guid(748c068008049a445b43e59d1fcb1485) Importer(815301076,1909f56bfc062723c751e8b465ee728b)  -> (artifact id: '22922fa4c807dbe51162867688afb467') in 0.049656 seconds
  Import took 0.054395 seconds .

========================================================================
Received Import Request.
  Time since last request: 0.000220 seconds.
  path: Assets/_Course Library/Models/Couch_Modern.fbx
  artifactKey: Guid(6c60321f3de9e344e927b5167d419689) Importer(815301076,1909f56bfc062723c751e8b465ee728b)
Start importing Assets/_Course Library/Models/Couch_Modern.fbx using Guid(6c60321f3de9e344e927b5167d419689) Importer(815301076,1909f56bfc062723c751e8b465ee728b)  -> (artifact id: '7d14e5877b7bfcb1e757850013ededb3') in 0.023039 seconds
  Import took 0.027879 seconds .

========================================================================
Received Import Request.
  Time since last request: 0.000228 seconds.
  path: Assets/_Course Library/Models/Chair_Modern.fbx
  artifactKey: Guid(54de80ef7ba578842b2dbc6098b94a74) Importer(815301076,1909f56bfc062723c751e8b465ee728b)
Start importing Assets/_Course Library/Models/Chair_Modern.fbx using Guid(54de80ef7ba578842b2dbc6098b94a74) Importer(815301076,1909f56bfc062723c751e8b465ee728b)  -> (artifact id: '4cab4f1d6f732b8a537cdc158b99fb7b') in 0.024378 seconds
  Import took 0.029371 seconds .

========================================================================
Received Import Request.
  Time since last request: 0.000195 seconds.
  path: Assets/_Course Library/Models/Bin_A_2.fbx
  artifactKey: Guid(cc232384fdabfcd4495a8fc87e275cfd) Importer(815301076,1909f56bfc062723c751e8b465ee728b)
Start importing Assets/_Course Library/Models/Bin_A_2.fbx using Guid(cc232384fdabfcd4495a8fc87e275cfd) Importer(815301076,1909f56bfc062723c751e8b465ee728b)  -> (artifact id: 'bb9f809c36ead8d686643b8d1014888d') in 0.017164 seconds
  Import took 0.021910 seconds .

========================================================================
Received Import Request.
  Time since last request: 0.000230 seconds.
  path: Assets/_Course Library/Models/Container_WateringCan_C.fbx
  artifactKey: Guid(73c4a3d8ff1d32744a4419c968edd5b5) Importer(815301076,1909f56bfc062723c751e8b465ee728b)
Start importing Assets/_Course Library/Models/Container_WateringCan_C.fbx using Guid(73c4a3d8ff1d32744a4419c968edd5b5) Importer(815301076,1909f56bfc062723c751e8b465ee728b)  -> (artifact id: 'ab845f7eb931b6ef30eeb8937a02baab') in 0.025439 seconds
  Import took 0.029859 seconds .

========================================================================
Received Import Request.
  Time since last request: 0.000206 seconds.
  path: Assets/_Course Library/Models/Chest_Modern.fbx
  artifactKey: Guid(59f9d2be05e0a774899ba14b1f7a1203) Importer(815301076,1909f56bfc062723c751e8b465ee728b)
Start importing Assets/_Course Library/Models/Chest_Modern.fbx using Guid(59f9d2be05e0a774899ba14b1f7a1203) Importer(815301076,1909f56bfc062723c751e8b465ee728b)  -> (artifact id: 'b8db565d7fc32a54e4565bbf885c5477') in 0.029792 seconds
  Import took 0.034575 seconds .

========================================================================
Received Import Request.
  Time since last request: 0.000199 seconds.
  path: Assets/_Course Library/Models/Button_Pause.fbx
  artifactKey: Guid(b29014f100d952745a4548e8069f1d95) Importer(815301076,1909f56bfc062723c751e8b465ee728b)
Start importing Assets/_Course Library/Models/Button_Pause.fbx using Guid(b29014f100d952745a4548e8069f1d95) Importer(815301076,1909f56bfc062723c751e8b465ee728b)  -> (artifact id: 'a17ba960d6776be6f6eab8c69c0552f5') in 0.022542 seconds
  Import took 0.027196 seconds .

========================================================================
Received Import Request.
  Time since last request: 0.000203 seconds.
  path: Assets/_Course Library/Models/Chandalier_Modern.fbx
  artifactKey: Guid(8c6a7cdc75fd7ed46baea0f967191dc7) Importer(815301076,1909f56bfc062723c751e8b465ee728b)
Start importing Assets/_Course Library/Models/Chandalier_Modern.fbx using Guid(8c6a7cdc75fd7ed46baea0f967191dc7) Importer(815301076,1909f56bfc062723c751e8b465ee728b)  -> (artifact id: 'af05fd7bed48fe0481c540ded0fe8e53') in 0.025374 seconds
  Import took 0.030162 seconds .

========================================================================
Received Import Request.
  Time since last request: 0.000204 seconds.
  path: Assets/_Course Library/Models/Chandelier_Rustic.fbx
  artifactKey: Guid(18c0edda600483b4789dbdccc43b1e13) Importer(815301076,1909f56bfc062723c751e8b465ee728b)
Start importing Assets/_Course Library/Models/Chandelier_Rustic.fbx using Guid(18c0edda600483b4789dbdccc43b1e13) Importer(815301076,1909f56bfc062723c751e8b465ee728b)  -> (artifact id: '9574d6617ac019df0be45841d32f0505') in 0.036236 seconds
  Import took 0.040520 seconds .

========================================================================
Received Import Request.
  Time since last request: 0.000219 seconds.
  path: Assets/_Course Library/Models/Couch_Traditional.fbx
  artifactKey: Guid(9dd590a108252814589e9ef77669df1c) Importer(815301076,1909f56bfc062723c751e8b465ee728b)
Start importing Assets/_Course Library/Models/Couch_Traditional.fbx using Guid(9dd590a108252814589e9ef77669df1c) Importer(815301076,1909f56bfc062723c751e8b465ee728b)  -> (artifact id: 'bda1be6867c645534022360bfcd089e6') in 0.025311 seconds
  Import took 0.030146 seconds .

========================================================================
Received Import Request.
  Time since last request: 0.000221 seconds.
  path: Assets/_Course Library/Models/Button_Play.fbx
  artifactKey: Guid(d8793a748e79fa64fb6518525754b624) Importer(815301076,1909f56bfc062723c751e8b465ee728b)
Start importing Assets/_Course Library/Models/Button_Play.fbx using Guid(d8793a748e79fa64fb6518525754b624) Importer(815301076,1909f56bfc062723c751e8b465ee728b)  -> (artifact id: 'b888f963f5bb3beac9a834f259d1e8f0') in 0.023450 seconds
  Import took 0.028016 seconds .

========================================================================
Received Import Request.
  Time since last request: 0.000229 seconds.
  path: Assets/_Course Library/Models/Ball_Baseball.fbx
  artifactKey: Guid(40e4cec1d817dec42843bf5cff0ef4d4) Importer(815301076,1909f56bfc062723c751e8b465ee728b)
Start importing Assets/_Course Library/Models/Ball_Baseball.fbx using Guid(40e4cec1d817dec42843bf5cff0ef4d4) Importer(815301076,1909f56bfc062723c751e8b465ee728b)  -> (artifact id: '331c3d511f8bcda34467c2d4f600ee29') in 0.028055 seconds
  Import took 0.033200 seconds .

========================================================================
Received Import Request.
  Time since last request: 0.000176 seconds.
  path: Assets/_Course Library/Models/Ball_Tennis.fbx
  artifactKey: Guid(d6b5780a9f86954498a6a8eb9db39df5) Importer(815301076,1909f56bfc062723c751e8b465ee728b)
Start importing Assets/_Course Library/Models/Ball_Tennis.fbx using Guid(d6b5780a9f86954498a6a8eb9db39df5) Importer(815301076,1909f56bfc062723c751e8b465ee728b)  -> (artifact id: '66b2e430e86bb9620483e69468718366') in 0.017248 seconds
  Import took 0.022259 seconds .

========================================================================
Received Import Request.
  Time since last request: 0.000237 seconds.
  path: Assets/_Course Library/Models/Fireplace_modern_Log6.FBX
  artifactKey: Guid(0c74a47981d076d4c812d1382cab5a72) Importer(815301076,1909f56bfc062723c751e8b465ee728b)
Start importing Assets/_Course Library/Models/Fireplace_modern_Log6.FBX using Guid(0c74a47981d076d4c812d1382cab5a72) Importer(815301076,1909f56bfc062723c751e8b465ee728b)  -> (artifact id: '5943df85400d533471e12371249334f6') in 0.027772 seconds
  Import took 0.032852 seconds .

========================================================================
Received Import Request.
  Time since last request: 0.000199 seconds.
  path: Assets/_Course Library/Models/Drawers_Modern.fbx
  artifactKey: Guid(c42ddb965267b0349a4cb7eafde0e7a4) Importer(815301076,1909f56bfc062723c751e8b465ee728b)
Start importing Assets/_Course Library/Models/Drawers_Modern.fbx using Guid(c42ddb965267b0349a4cb7eafde0e7a4) Importer(815301076,1909f56bfc062723c751e8b465ee728b)  -> (artifact id: '3962e51dff3ed71aaba9f301124d6054') in 0.048593 seconds
  Import took 0.052831 seconds .

========================================================================
Received Import Request.
  Time since last request: 0.000238 seconds.
  path: Assets/_Course Library/Models/Chair_Traditional_B.fbx
  artifactKey: Guid(c85425214953d3e458c75798dc76fde9) Importer(815301076,1909f56bfc062723c751e8b465ee728b)
Start importing Assets/_Course Library/Models/Chair_Traditional_B.fbx using Guid(c85425214953d3e458c75798dc76fde9) Importer(815301076,1909f56bfc062723c751e8b465ee728b)  -> (artifact id: 'a8d711684d048ed841523fc8ff130c20') in 0.029960 seconds
  Import took 0.035503 seconds .

========================================================================
Received Import Request.
  Time since last request: 0.000231 seconds.
  path: Assets/_Course Library/Models/Fireplace_modern_Log4.FBX
  artifactKey: Guid(cd58a5341918c884a948876bd8a90b9a) Importer(815301076,1909f56bfc062723c751e8b465ee728b)
Start importing Assets/_Course Library/Models/Fireplace_modern_Log4.FBX using Guid(cd58a5341918c884a948876bd8a90b9a) Importer(815301076,1909f56bfc062723c751e8b465ee728b)  -> (artifact id: '7132975001116c5ec20d81369dd21ca6') in 0.027635 seconds
  Import took 0.032098 seconds .

========================================================================
Received Import Request.
  Time since last request: 0.000228 seconds.
  path: Assets/_Course Library/Models/Fireplace_Rustic.fbx
  artifactKey: Guid(1b4ad4fa6da837f41975af9162b2c0fe) Importer(815301076,1909f56bfc062723c751e8b465ee728b)
Start importing Assets/_Course Library/Models/Fireplace_Rustic.fbx using Guid(1b4ad4fa6da837f41975af9162b2c0fe) Importer(815301076,1909f56bfc062723c751e8b465ee728b)  -> (artifact id: '6a74a50a882305baa0ac4faa663c3732') in 0.032741 seconds
  Import took 0.038184 seconds .

========================================================================
Received Import Request.
  Time since last request: 0.000211 seconds.
  path: Assets/_Course Library/Models/Couch_Traditional_C.fbx
  artifactKey: Guid(59613de0856abbf419f5c53672639bdb) Importer(815301076,1909f56bfc062723c751e8b465ee728b)
Start importing Assets/_Course Library/Models/Couch_Traditional_C.fbx using Guid(59613de0856abbf419f5c53672639bdb) Importer(815301076,1909f56bfc062723c751e8b465ee728b)  -> (artifact id: 'c7c438b507bf132abc4935ea861bce7f') in 0.025844 seconds
  Import took 0.031102 seconds .

========================================================================
Received Import Request.
  Time since last request: 0.000252 seconds.
  path: Assets/_Course Library/Models/Art_Painting_5.fbx
  artifactKey: Guid(d6abe7a25983f9c4ea3bb6f1a0ae0d9a) Importer(815301076,1909f56bfc062723c751e8b465ee728b)
Start importing Assets/_Course Library/Models/Art_Painting_5.fbx using Guid(d6abe7a25983f9c4ea3bb6f1a0ae0d9a) Importer(815301076,1909f56bfc062723c751e8b465ee728b)  -> (artifact id: 'e99be7f9c4ee712f48a0602b4a8e14fd') in 0.025297 seconds
  Import took 0.030757 seconds .

========================================================================
Received Import Request.
  Time since last request: 0.000194 seconds.
  path: Assets/_Course Library/Models/Container_Bottle_B.fbx
  artifactKey: Guid(560afe0b99a30a44994e43c073219897) Importer(815301076,1909f56bfc062723c751e8b465ee728b)
Start importing Assets/_Course Library/Models/Container_Bottle_B.fbx using Guid(560afe0b99a30a44994e43c073219897) Importer(815301076,1909f56bfc062723c751e8b465ee728b)  -> (artifact id: '7ba0185bff671f22a7a10b0edf189ce4') in 0.037408 seconds
  Import took 0.042486 seconds .

========================================================================
Received Import Request.
  Time since last request: 0.000183 seconds.
  path: Assets/_Course Library/Models/Container_Bottle.fbx
  artifactKey: Guid(a35cbf325c0587f4e81a3f266986c6f7) Importer(815301076,1909f56bfc062723c751e8b465ee728b)
Start importing Assets/_Course Library/Models/Container_Bottle.fbx using Guid(a35cbf325c0587f4e81a3f266986c6f7) Importer(815301076,1909f56bfc062723c751e8b465ee728b)  -> (artifact id: '24193e843d605800540658d7c0de1e49') in 0.035948 seconds
  Import took 0.040917 seconds .

========================================================================
Received Import Request.
  Time since last request: 0.000182 seconds.
  path: Assets/_Course Library/Models/Chest_Traditional.fbx
  artifactKey: Guid(0a94d050e88f6ec40ad49fea002caa26) Importer(815301076,1909f56bfc062723c751e8b465ee728b)
Start importing Assets/_Course Library/Models/Chest_Traditional.fbx using Guid(0a94d050e88f6ec40ad49fea002caa26) Importer(815301076,1909f56bfc062723c751e8b465ee728b)  -> (artifact id: 'a79414ea6b934d1eb166081d24dbb866') in 0.026916 seconds
  Import took 0.031712 seconds .

========================================================================
Received Import Request.
  Time since last request: 0.000174 seconds.
  path: Assets/_Course Library/Models/Fireplace_Rustic_Log1.FBX
  artifactKey: Guid(48dd0febe89c91d4d94acd05e4728627) Importer(815301076,1909f56bfc062723c751e8b465ee728b)
Start importing Assets/_Course Library/Models/Fireplace_Rustic_Log1.FBX using Guid(48dd0febe89c91d4d94acd05e4728627) Importer(815301076,1909f56bfc062723c751e8b465ee728b)  -> (artifact id: '2a5f339f8d95a511f3f78ffa9dcf017b') in 0.021702 seconds
  Import took 0.026627 seconds .

========================================================================
Received Import Request.
  Time since last request: 0.000179 seconds.
  path: Assets/_Course Library/Models/Couch_Traditional_B.fbx
  artifactKey: Guid(8eb988e5c2855974ebfe21130111a1de) Importer(815301076,1909f56bfc062723c751e8b465ee728b)
Start importing Assets/_Course Library/Models/Couch_Traditional_B.fbx using Guid(8eb988e5c2855974ebfe21130111a1de) Importer(815301076,1909f56bfc062723c751e8b465ee728b)  -> (artifact id: '12e86b4b804e3c2ba90417e64f506e45') in 0.027827 seconds
  Import took 0.033058 seconds .

========================================================================
Received Import Request.
  Time since last request: 0.000202 seconds.
  path: Assets/_Course Library/Models/Art_Painting_4.fbx
  artifactKey: Guid(1dff19bba321fd541a14ab1bee60a697) Importer(815301076,1909f56bfc062723c751e8b465ee728b)
Start importing Assets/_Course Library/Models/Art_Painting_4.fbx using Guid(1dff19bba321fd541a14ab1bee60a697) Importer(815301076,1909f56bfc062723c751e8b465ee728b)  -> (artifact id: '2468e1e1d8b9a8c10b3db47b19bcb739') in 0.017081 seconds
  Import took 0.022212 seconds .

========================================================================
Received Import Request.
  Time since last request: 0.000167 seconds.
  path: Assets/_Course Library/Models/Art_Painting_2.fbx
  artifactKey: Guid(9477c868375f7134ab79b2306d22dc6a) Importer(815301076,1909f56bfc062723c751e8b465ee728b)
Start importing Assets/_Course Library/Models/Art_Painting_2.fbx using Guid(9477c868375f7134ab79b2306d22dc6a) Importer(815301076,1909f56bfc062723c751e8b465ee728b)  -> (artifact id: '623d4eaff0d9f5cb94d59cf15c8a0273') in 0.016749 seconds
  Import took 0.022406 seconds .

========================================================================
Received Import Request.
  Time since last request: 0.000162 seconds.
  path: Assets/_Course Library/Models/Dimmer_1.fbx
  artifactKey: Guid(474d742cc0076d3428ba1caf5382a962) Importer(815301076,1909f56bfc062723c751e8b465ee728b)
Start importing Assets/_Course Library/Models/Dimmer_1.fbx using Guid(474d742cc0076d3428ba1caf5382a962) Importer(815301076,1909f56bfc062723c751e8b465ee728b)  -> (artifact id: 'cf17c3986df39fa1579846119914b4f8') in 0.034841 seconds
  Import took 0.039771 seconds .

========================================================================
Received Import Request.
  Time since last request: 0.000145 seconds.
  path: Assets/_Course Library/Models/Fireplace_modern_Log2.FBX
  artifactKey: Guid(f9c5a72efeeab2f408cc8a31710c6159) Importer(815301076,1909f56bfc062723c751e8b465ee728b)
Start importing Assets/_Course Library/Models/Fireplace_modern_Log2.FBX using Guid(f9c5a72efeeab2f408cc8a31710c6159) Importer(815301076,1909f56bfc062723c751e8b465ee728b)  -> (artifact id: '38e3c91c4b4e3d69f51e82a0fa916383') in 0.025135 seconds
  Import took 0.030072 seconds .

========================================================================
Received Import Request.
  Time since last request: 0.000168 seconds.
  path: Assets/_Course Library/Models/Ball_Cricket.fbx
  artifactKey: Guid(dda8659e0174c6048852838fad15ddfa) Importer(815301076,1909f56bfc062723c751e8b465ee728b)
Start importing Assets/_Course Library/Models/Ball_Cricket.fbx using Guid(dda8659e0174c6048852838fad15ddfa) Importer(815301076,1909f56bfc062723c751e8b465ee728b)  -> (artifact id: 'bbd7efc58063f032bd02352957b2d965') in 0.022566 seconds
  Import took 0.026672 seconds .

========================================================================
Received Import Request.
  Time since last request: 0.000165 seconds.
  path: Assets/_Course Library/Models/Bin_A_1.fbx
  artifactKey: Guid(f2110f23f107b174186bdcb3d376b30c) Importer(815301076,1909f56bfc062723c751e8b465ee728b)
Start importing Assets/_Course Library/Models/Bin_A_1.fbx using Guid(f2110f23f107b174186bdcb3d376b30c) Importer(815301076,1909f56bfc062723c751e8b465ee728b)  -> (artifact id: '47fc5ad7944c601905af33fd4221f039') in 0.021853 seconds
  Import took 0.027023 seconds .

========================================================================
Received Import Request.
  Time since last request: 0.000166 seconds.
  path: Assets/_Course Library/Models/Chair_Modern_B.fbx
  artifactKey: Guid(a99bfce40f8f44647a68dc0babb8e395) Importer(815301076,1909f56bfc062723c751e8b465ee728b)
Start importing Assets/_Course Library/Models/Chair_Modern_B.fbx using Guid(a99bfce40f8f44647a68dc0babb8e395) Importer(815301076,1909f56bfc062723c751e8b465ee728b)  -> (artifact id: '4011e0958c31761f88d27ca3c4dbd778') in 0.024635 seconds
  Import took 0.029813 seconds .

========================================================================
Received Import Request.
  Time since last request: 0.000150 seconds.
  path: Assets/_Course Library/Models/Cabinet_Traditional.fbx
  artifactKey: Guid(607380a30bf2d1d418836bcf8ea20328) Importer(815301076,1909f56bfc062723c751e8b465ee728b)
Start importing Assets/_Course Library/Models/Cabinet_Traditional.fbx using Guid(607380a30bf2d1d418836bcf8ea20328) Importer(815301076,1909f56bfc062723c751e8b465ee728b)  -> (artifact id: 'f1504ff888bb559f60142ad39b7601d4') in 0.031432 seconds
  Import took 0.036007 seconds .

========================================================================
Received Import Request.
  Time since last request: 0.000170 seconds.
  path: Assets/_Course Library/Models/Chest_Modern_B.fbx
  artifactKey: Guid(42324ce4420b0544ab69afb9e3185de8) Importer(815301076,1909f56bfc062723c751e8b465ee728b)
Start importing Assets/_Course Library/Models/Chest_Modern_B.fbx using Guid(42324ce4420b0544ab69afb9e3185de8) Importer(815301076,1909f56bfc062723c751e8b465ee728b)  -> (artifact id: 'fcbc39b3765ed1d86310735b833fb842') in 0.030230 seconds
  Import took 0.035229 seconds .

========================================================================
Received Import Request.
  Time since last request: 0.000167 seconds.
  path: Assets/_Course Library/Models/Clock_Digital.FBX
  artifactKey: Guid(db825e9dcb189af418a836ed20a68ac8) Importer(815301076,1909f56bfc062723c751e8b465ee728b)
Start importing Assets/_Course Library/Models/Clock_Digital.FBX using Guid(db825e9dcb189af418a836ed20a68ac8) Importer(815301076,1909f56bfc062723c751e8b465ee728b)  -> (artifact id: 'f5e81054e64ec78ecc9880edffdf3c5c') in 0.025228 seconds
  Import took 0.030132 seconds .

========================================================================
Received Import Request.
  Time since last request: 0.000199 seconds.
  path: Assets/_Course Library/Models/Button_Stop.fbx
  artifactKey: Guid(a97a09eb96fbe1f4d94a736d7cec73fe) Importer(815301076,1909f56bfc062723c751e8b465ee728b)
Start importing Assets/_Course Library/Models/Button_Stop.fbx using Guid(a97a09eb96fbe1f4d94a736d7cec73fe) Importer(815301076,1909f56bfc062723c751e8b465ee728b)  -> (artifact id: 'ce6b53dcaeacc7c845028fda61beda08') in 0.022132 seconds
  Import took 0.027242 seconds .

========================================================================
Received Import Request.
  Time since last request: 0.000176 seconds.
  path: Assets/_Course Library/Models/Bin_B_2.fbx
  artifactKey: Guid(518df1129d5b1fe4d9f4bce622b1011b) Importer(815301076,1909f56bfc062723c751e8b465ee728b)
Start importing Assets/_Course Library/Models/Bin_B_2.fbx using Guid(518df1129d5b1fe4d9f4bce622b1011b) Importer(815301076,1909f56bfc062723c751e8b465ee728b)  -> (artifact id: '5cb2274bb8f4c46bc850398c5093017a') in 0.026838 seconds
  Import took 0.031669 seconds .

========================================================================
Received Import Request.
  Time since last request: 0.000236 seconds.
  path: Assets/_Course Library/Models/Couch_Rustic_C.fbx
  artifactKey: Guid(4820b69fdc07d56429ed65fb7c6ffb22) Importer(815301076,1909f56bfc062723c751e8b465ee728b)
Start importing Assets/_Course Library/Models/Couch_Rustic_C.fbx using Guid(4820b69fdc07d56429ed65fb7c6ffb22) Importer(815301076,1909f56bfc062723c751e8b465ee728b)  -> (artifact id: '0ecea7bfaeaf64b2205c03194315cdcf') in 0.028379 seconds
  Import took 0.034015 seconds .

========================================================================
Received Import Request.
  Time since last request: 0.000205 seconds.
  path: Assets/_Course Library/Models/Fireplace_modern_Log1.FBX
  artifactKey: Guid(567e9b06462eb8d40b193f22f3ceb41f) Importer(815301076,1909f56bfc062723c751e8b465ee728b)
Start importing Assets/_Course Library/Models/Fireplace_modern_Log1.FBX using Guid(567e9b06462eb8d40b193f22f3ceb41f) Importer(815301076,1909f56bfc062723c751e8b465ee728b)  -> (artifact id: '0d95ef835592deed3831477639150ed5') in 0.027118 seconds
  Import took 0.032867 seconds .

========================================================================
Received Import Request.
  Time since last request: 0.000200 seconds.
  path: Assets/_Course Library/Models/Ball_Pingpong.fbx
  artifactKey: Guid(3237f124fd401c146981f5411d5e48cb) Importer(815301076,1909f56bfc062723c751e8b465ee728b)
Start importing Assets/_Course Library/Models/Ball_Pingpong.fbx using Guid(3237f124fd401c146981f5411d5e48cb) Importer(815301076,1909f56bfc062723c751e8b465ee728b)  -> (artifact id: '9df1120f724c7720be02df2326d291ee') in 0.026327 seconds
  Import took 0.032601 seconds .

========================================================================
Received Import Request.
  Time since last request: 0.000221 seconds.
  path: Assets/_Course Library/Models/Ball_Tennis_B.fbx
  artifactKey: Guid(479d30e27e09d5d40ad7bc3e3c719170) Importer(815301076,1909f56bfc062723c751e8b465ee728b)
Start importing Assets/_Course Library/Models/Ball_Tennis_B.fbx using Guid(479d30e27e09d5d40ad7bc3e3c719170) Importer(815301076,1909f56bfc062723c751e8b465ee728b)  -> (artifact id: '202987608857e61991f8129a5294e62b') in 0.028874 seconds
  Import took 0.034806 seconds .

========================================================================
Received Import Request.
  Time since last request: 0.000196 seconds.
  path: Assets/_Course Library/Models/Chandelier_Traditional.fbx
  artifactKey: Guid(30cbc3cd9a16fcc4d8c54a9aa698c080) Importer(815301076,1909f56bfc062723c751e8b465ee728b)
Start importing Assets/_Course Library/Models/Chandelier_Traditional.fbx using Guid(30cbc3cd9a16fcc4d8c54a9aa698c080) Importer(815301076,1909f56bfc062723c751e8b465ee728b)  -> (artifact id: '8bd801dbc99e0f588c5f2bb406b28575') in 0.023036 seconds
  Import took 0.028832 seconds .

========================================================================
Received Import Request.
  Time since last request: 0.000226 seconds.
  path: Assets/_Course Library/Models/Cabinet_Modern_B.fbx
  artifactKey: Guid(332ad90e44467c44a81dea0f29d07765) Importer(815301076,1909f56bfc062723c751e8b465ee728b)
Start importing Assets/_Course Library/Models/Cabinet_Modern_B.fbx using Guid(332ad90e44467c44a81dea0f29d07765) Importer(815301076,1909f56bfc062723c751e8b465ee728b)  -> (artifact id: 'f3af37f4d865d5545a0b5accad51445f') in 0.043099 seconds
  Import took 0.048010 seconds .

========================================================================
Received Import Request.
  Time since last request: 0.000152 seconds.
  path: Assets/_Course Library/Models/Container_WateringCan_B.fbx
  artifactKey: Guid(57d79a47c06580e469a00c13bcfb1cbf) Importer(815301076,1909f56bfc062723c751e8b465ee728b)
Start importing Assets/_Course Library/Models/Container_WateringCan_B.fbx using Guid(57d79a47c06580e469a00c13bcfb1cbf) Importer(815301076,1909f56bfc062723c751e8b465ee728b)  -> (artifact id: 'b059cfd8b480f6f7d22fcf99e2c73c26') in 0.028136 seconds
  Import took 0.033629 seconds .

========================================================================
Received Import Request.
  Time since last request: 0.000178 seconds.
  path: Assets/_Course Library/Models/Couch_Modern_B.fbx
  artifactKey: Guid(e3f8bf0e1ffce9c429fedbde59a88d22) Importer(815301076,1909f56bfc062723c751e8b465ee728b)
Start importing Assets/_Course Library/Models/Couch_Modern_B.fbx using Guid(e3f8bf0e1ffce9c429fedbde59a88d22) Importer(815301076,1909f56bfc062723c751e8b465ee728b)  -> (artifact id: 'd8daca1ce06d266dccb34e45c4bb99e6') in 0.024391 seconds
  Import took 0.030031 seconds .

========================================================================
Received Import Request.
  Time since last request: 0.000163 seconds.
  path: Assets/_Course Library/Models/Bin_B_3.fbx
  artifactKey: Guid(9f64811e76fa71149b69f8a24ef0d061) Importer(815301076,1909f56bfc062723c751e8b465ee728b)
Start importing Assets/_Course Library/Models/Bin_B_3.fbx using Guid(9f64811e76fa71149b69f8a24ef0d061) Importer(815301076,1909f56bfc062723c751e8b465ee728b)  -> (artifact id: '60907042b220a63a2d4f490c5e161d47') in 0.031472 seconds
  Import took 0.037601 seconds .

========================================================================
Received Import Request.
  Time since last request: 0.000613 seconds.
  path: Assets/_Course Library/Models/Container_Can_1.fbx
  artifactKey: Guid(2d4967b7adb42d540a5ff14c43037698) Importer(815301076,1909f56bfc062723c751e8b465ee728b)
Start importing Assets/_Course Library/Models/Container_Can_1.fbx using Guid(2d4967b7adb42d540a5ff14c43037698) Importer(815301076,1909f56bfc062723c751e8b465ee728b)  -> (artifact id: 'ac138a634ad59605029edfcbd16b6fd8') in 0.046040 seconds
  Import took 0.051818 seconds .

========================================================================
Received Import Request.
  Time since last request: 0.000230 seconds.
  path: Assets/_Course Library/Models/Bin_B_1.fbx
  artifactKey: Guid(b906d7d1081bedc43ab2158c09239d19) Importer(815301076,1909f56bfc062723c751e8b465ee728b)
Start importing Assets/_Course Library/Models/Bin_B_1.fbx using Guid(b906d7d1081bedc43ab2158c09239d19) Importer(815301076,1909f56bfc062723c751e8b465ee728b)  -> (artifact id: 'e0914f119a29283133c3245d9a468337') in 0.024631 seconds
  Import took 0.029577 seconds .

========================================================================
Received Import Request.
  Time since last request: 0.000162 seconds.
  path: Assets/_Course Library/Models/Button_Next.fbx
  artifactKey: Guid(b065673e4a3ed054e9d7f2713980b30a) Importer(815301076,1909f56bfc062723c751e8b465ee728b)
Start importing Assets/_Course Library/Models/Button_Next.fbx using Guid(b065673e4a3ed054e9d7f2713980b30a) Importer(815301076,1909f56bfc062723c751e8b465ee728b)  -> (artifact id: '82c86deea81a64ab83c91ee5b1c44160') in 0.026024 seconds
  Import took 0.031026 seconds .

========================================================================
Received Import Request.
  Time since last request: 0.000157 seconds.
  path: Assets/_Course Library/Models/Container_Can_2.fbx
  artifactKey: Guid(9cf35a23e469e7c40b91e31271349ad5) Importer(815301076,1909f56bfc062723c751e8b465ee728b)
Start importing Assets/_Course Library/Models/Container_Can_2.fbx using Guid(9cf35a23e469e7c40b91e31271349ad5) Importer(815301076,1909f56bfc062723c751e8b465ee728b)  -> (artifact id: '6c60996a2edc20e6462c11382ea25a6d') in 0.039464 seconds
  Import took 0.043893 seconds .

========================================================================
Received Import Request.
  Time since last request: 0.000149 seconds.
  path: Assets/_Course Library/Models/Couch_Rustic_B.fbx
  artifactKey: Guid(258a0c3793358de4b919898e84038697) Importer(815301076,1909f56bfc062723c751e8b465ee728b)
Start importing Assets/_Course Library/Models/Couch_Rustic_B.fbx using Guid(258a0c3793358de4b919898e84038697) Importer(815301076,1909f56bfc062723c751e8b465ee728b)  -> (artifact id: '8276748959c42456f1fcf7ff16808859') in 0.023859 seconds
  Import took 0.028220 seconds .

========================================================================
Received Import Request.
  Time since last request: 0.000139 seconds.
  path: Assets/_Course Library/Models/Button_1.fbx
  artifactKey: Guid(a6686a70d840b52429001a751b157c1b) Importer(815301076,1909f56bfc062723c751e8b465ee728b)
Start importing Assets/_Course Library/Models/Button_1.fbx using Guid(a6686a70d840b52429001a751b157c1b) Importer(815301076,1909f56bfc062723c751e8b465ee728b)  -> (artifact id: '0a4ed1f0328b811b9a6c6cc77b2385f9') in 0.025609 seconds
  Import took 0.029724 seconds .

========================================================================
Received Import Request.
  Time since last request: 0.000165 seconds.
  path: Assets/_Course Library/Models/Chair_Traditional.fbx
  artifactKey: Guid(1c9f4d68760b3784b9ff57afcf8c2da3) Importer(815301076,1909f56bfc062723c751e8b465ee728b)
Start importing Assets/_Course Library/Models/Chair_Traditional.fbx using Guid(1c9f4d68760b3784b9ff57afcf8c2da3) Importer(815301076,1909f56bfc062723c751e8b465ee728b)  -> (artifact id: 'd5e1b81c0472f6aa05657085f7c3c643') in 0.016554 seconds
  Import took 0.022350 seconds .

========================================================================
Received Import Request.
  Time since last request: 0.000164 seconds.
  path: Assets/_Course Library/Models/Fireplace_modern_Log3.FBX
  artifactKey: Guid(896aa0408c13d9049abff6d64370b61a) Importer(815301076,1909f56bfc062723c751e8b465ee728b)
Start importing Assets/_Course Library/Models/Fireplace_modern_Log3.FBX using Guid(896aa0408c13d9049abff6d64370b61a) Importer(815301076,1909f56bfc062723c751e8b465ee728b)  -> (artifact id: 'a4b5e5aff3f9f7f06a1094e4289a7133') in 0.028907 seconds
  Import took 0.034229 seconds .

========================================================================
Received Import Request.
  Time since last request: 0.000227 seconds.
  path: Assets/_Course Library/Models/Art_Painting_3.fbx
  artifactKey: Guid(2b2238b54f5ddf94f80c61ab243c13c3) Importer(815301076,1909f56bfc062723c751e8b465ee728b)
Start importing Assets/_Course Library/Models/Art_Painting_3.fbx using Guid(2b2238b54f5ddf94f80c61ab243c13c3) Importer(815301076,1909f56bfc062723c751e8b465ee728b)  -> (artifact id: '7343a8b138f2c9ad83a0c336817c07b0') in 0.017777 seconds
  Import took 0.022299 seconds .

========================================================================
Received Import Request.
  Time since last request: 0.000185 seconds.
  path: Assets/_Course Library/Models/Chair_Rustic.fbx
  artifactKey: Guid(8c1fb203490f1664ba9890dee69d5a12) Importer(815301076,1909f56bfc062723c751e8b465ee728b)
Start importing Assets/_Course Library/Models/Chair_Rustic.fbx using Guid(8c1fb203490f1664ba9890dee69d5a12) Importer(815301076,1909f56bfc062723c751e8b465ee728b)  -> (artifact id: 'd92c08774374356f47883563e2f859de') in 0.022725 seconds
  Import took 0.027700 seconds .

========================================================================
Received Import Request.
  Time since last request: 0.000215 seconds.
  path: Assets/_Course Library/Models/Art_Painting_3.fbx
  artifactKey: Guid(2b2238b54f5ddf94f80c61ab243c13c3) Importer(815301076,1909f56bfc062723c751e8b465ee728b)
Start importing Assets/_Course Library/Models/Art_Painting_3.fbx using Guid(2b2238b54f5ddf94f80c61ab243c13c3) Importer(815301076,1909f56bfc062723c751e8b465ee728b)  -> (artifact id: '7343a8b138f2c9ad83a0c336817c07b0') in 0.016685 seconds
  Import took 0.021157 seconds .

========================================================================
Received Import Request.
  Time since last request: 0.000237 seconds.
  path: Assets/_Course Library/Models/Dimmer_2.FBX
  artifactKey: Guid(33a1c756b70d2774491855713431eb4d) Importer(815301076,1909f56bfc062723c751e8b465ee728b)
Start importing Assets/_Course Library/Models/Dimmer_2.FBX using Guid(33a1c756b70d2774491855713431eb4d) Importer(815301076,1909f56bfc062723c751e8b465ee728b)  -> (artifact id: '09555648b16dbcc3156df0c183582a63') in 0.036887 seconds
  Import took 0.042208 seconds .

========================================================================
Received Import Request.
  Time since last request: 0.000164 seconds.
  path: Assets/_Course Library/Models/Fireplace_Modern.fbx
  artifactKey: Guid(b6085ca867494524c936e27074882988) Importer(815301076,1909f56bfc062723c751e8b465ee728b)
Start importing Assets/_Course Library/Models/Fireplace_Modern.fbx using Guid(b6085ca867494524c936e27074882988) Importer(815301076,1909f56bfc062723c751e8b465ee728b)  -> (artifact id: 'a4220ad891a59eafaad2000d93a7a112') in 0.031327 seconds
  Import took 0.035651 seconds .

========================================================================
Received Import Request.
  Time since last request: 0.000138 seconds.
  path: Assets/_Course Library/Models/Couch_Rustic_A.fbx
  artifactKey: Guid(73f91ad77ea89db4c9425fca449fb929) Importer(815301076,1909f56bfc062723c751e8b465ee728b)
Start importing Assets/_Course Library/Models/Couch_Rustic_A.fbx using Guid(73f91ad77ea89db4c9425fca449fb929) Importer(815301076,1909f56bfc062723c751e8b465ee728b)  -> (artifact id: 'f4b323fb1c428201e5e7dcac618c178e') in 0.024715 seconds
  Import took 0.029289 seconds .

========================================================================
Received Import Request.
  Time since last request: 0.000227 seconds.
  path: Assets/_Course Library/Models/Drawers_Modern_B.fbx
  artifactKey: Guid(f44c411c6b8ee99419d0fa31df799040) Importer(815301076,1909f56bfc062723c751e8b465ee728b)
Start importing Assets/_Course Library/Models/Drawers_Modern_B.fbx using Guid(f44c411c6b8ee99419d0fa31df799040) Importer(815301076,1909f56bfc062723c751e8b465ee728b)  -> (artifact id: 'e8c81424e07afbf3b1523074fb7f3304') in 0.050597 seconds
  Import took 0.055571 seconds .

========================================================================
Received Import Request.
  Time since last request: 0.000231 seconds.
  path: Assets/_Course Library/Models/Couch_Rustic_A.fbx
  artifactKey: Guid(73f91ad77ea89db4c9425fca449fb929) Importer(815301076,1909f56bfc062723c751e8b465ee728b)
Start importing Assets/_Course Library/Models/Couch_Rustic_A.fbx using Guid(73f91ad77ea89db4c9425fca449fb929) Importer(815301076,1909f56bfc062723c751e8b465ee728b)  -> (artifact id: 'f4b323fb1c428201e5e7dcac618c178e') in 0.027100 seconds
  Import took 0.032038 seconds .

========================================================================
Received Import Request.
  Time since last request: 950.371808 seconds.
  path: Assets/Samples/XR Interaction Toolkit/1.0.0-pre.3/Default Input Actions/XRI Default Continuous Move.preset
  artifactKey: Guid(91f9da00cfdac5d49955df2d2d820b9c) Importer(815301076,1909f56bfc062723c751e8b465ee728b)
Start importing Assets/Samples/XR Interaction Toolkit/1.0.0-pre.3/Default Input Actions/XRI Default Continuous Move.preset using Guid(91f9da00cfdac5d49955df2d2d820b9c) Importer(815301076,1909f56bfc062723c751e8b465ee728b)  -> (artifact id: '1e39edcb5b8a0e7f3bba577e95f0eac3') in 0.023244 seconds
  Import took 0.031633 seconds .

========================================================================
Received Import Request.
  Time since last request: 0.000223 seconds.
  path: Assets/Samples/XR Interaction Toolkit/1.0.0-pre.3/Default Input Actions/XRI Default Input Actions.inputactions
  artifactKey: Guid(c348712bda248c246b8c49b3db54643f) Importer(815301076,1909f56bfc062723c751e8b465ee728b)
Start importing Assets/Samples/XR Interaction Toolkit/1.0.0-pre.3/Default Input Actions/XRI Default Input Actions.inputactions using Guid(c348712bda248c246b8c49b3db54643f) Importer(815301076,1909f56bfc062723c751e8b465ee728b)  -> (artifact id: '5419c20ec4fc309b26de9d23da6c9000') in 0.015987 seconds
  Import took 0.021657 seconds .

========================================================================
Received Import Request.
  Time since last request: 0.000250 seconds.
  path: Assets/Samples/XR Interaction Toolkit/1.0.0-pre.3/Default Input Actions/XRI Default Continuous Turn.preset
  artifactKey: Guid(0caad3af14f9a414dbdf25ed41e5aa47) Importer(815301076,1909f56bfc062723c751e8b465ee728b)
Start importing Assets/Samples/XR Interaction Toolkit/1.0.0-pre.3/Default Input Actions/XRI Default Continuous Turn.preset using Guid(0caad3af14f9a414dbdf25ed41e5aa47) Importer(815301076,1909f56bfc062723c751e8b465ee728b)  -> (artifact id: 'ea428cff009042d8dfe78c91645f9b64') in 0.020128 seconds
  Import took 0.027600 seconds .

========================================================================
Received Import Request.
  Time since last request: 0.000293 seconds.
  path: Assets/Samples/XR Interaction Toolkit/1.0.0-pre.3/Default Input Actions/XRI Default Snap Turn.preset
  artifactKey: Guid(18697d253d848974aa7052cba872c9f0) Importer(815301076,1909f56bfc062723c751e8b465ee728b)
Start importing Assets/Samples/XR Interaction Toolkit/1.0.0-pre.3/Default Input Actions/XRI Default Snap Turn.preset using Guid(18697d253d848974aa7052cba872c9f0) Importer(815301076,1909f56bfc062723c751e8b465ee728b)  -> (artifact id: '584bfaa7cf05fdc820099c6f22076b72') in 0.018910 seconds
  Import took 0.026308 seconds .

========================================================================
Received Import Request.
  Time since last request: 95.340491 seconds.
  path: Assets/Samples/XR Interaction Toolkit/1.0.0-pre.3/Default Input Actions
  artifactKey: Guid(0c6f181f3999c4336b342d7ce934491a) Importer(815301076,1909f56bfc062723c751e8b465ee728b)
Start importing Assets/Samples/XR Interaction Toolkit/1.0.0-pre.3/Default Input Actions using Guid(0c6f181f3999c4336b342d7ce934491a) Importer(815301076,1909f56bfc062723c751e8b465ee728b)  -> (artifact id: '35ad961a03b746afbb0f66de4d8554dd') in 0.005990 seconds
  Import took 0.013166 seconds .

========================================================================
Received Prepare
Registering precompiled user dll's ...
Registered in 0.035167 seconds.
Begin MonoManager ReloadAssembly
Native extension for WindowsStandalone target not found
Native extension for WebGL target not found
Refreshing native plugins compatible for Editor in 0.97 ms, found 8 plugins.
Preloading 1 native plugins for Editor in 0.14 ms.
NullReferenceException: Object reference not set to an instance of an object
  at Unity.XR.Oculus.OculusLoader.AssetPathToAbsolutePath (System.String assetPath) [0x00048] in C:\Users\Clayton\Desktop\Create with VR\Create-with-VR_2020LTS\VR Room Project\Library\PackageCache\com.unity.xr.oculus@1.9.1\Runtime\OculusLoader.cs:249 
  at Unity.XR.Oculus.OculusLoader.EditorLoadOVRPlugin () [0x0007b] in C:\Users\Clayton\Desktop\Create with VR\Create-with-VR_2020LTS\VR Room Project\Library\PackageCache\com.unity.xr.oculus@1.9.1\Runtime\OculusLoader.cs:234 

(Filename: Library/PackageCache/com.unity.xr.oculus@1.9.1/Runtime/OculusLoader.cs Line: 249)

Mono: successfully reloaded assembly
- Completed reload, in  1.233 seconds
Platform modules already initialized, skipping
Shader 'Universal Render Pipeline/Particles/Lit': fallback shader 'Universal Render Pipeline/Particles/SimpleLit' not found
Refreshing native plugins compatible for Editor in 0.71 ms, found 8 plugins.
Preloading 1 native plugins for Editor in 0.08 ms.
Unloading 2981 Unused Serialized files (Serialized files now loaded: 0)
System memory in use before: 141.1 MB.
System memory in use after: 141.3 MB.

Unloading 42 unused Assets to reduce memory usage. Loaded Objects now: 3666.
Total: 3.623100 ms (FindLiveObjects: 0.333200 ms CreateObjectMapping: 0.165000 ms MarkObjects: 2.969400 ms  DeleteObjects: 0.153800 ms)

========================================================================
Received Prepare
Registering precompiled user dll's ...
Registered in 0.005881 seconds.
Begin MonoManager ReloadAssembly
Native extension for WindowsStandalone target not found
Native extension for WebGL target not found
Refreshing native plugins compatible for Editor in 1.03 ms, found 8 plugins.
Preloading 1 native plugins for Editor in 0.13 ms.
NullReferenceException: Object reference not set to an instance of an object
  at Unity.XR.Oculus.OculusLoader.AssetPathToAbsolutePath (System.String assetPath) [0x00048] in C:\Users\Clayton\Desktop\Create with VR\Create-with-VR_2020LTS\VR Room Project\Library\PackageCache\com.unity.xr.oculus@1.9.1\Runtime\OculusLoader.cs:249 
  at Unity.XR.Oculus.OculusLoader.EditorLoadOVRPlugin () [0x0007b] in C:\Users\Clayton\Desktop\Create with VR\Create-with-VR_2020LTS\VR Room Project\Library\PackageCache\com.unity.xr.oculus@1.9.1\Runtime\OculusLoader.cs:234 

(Filename: Library/PackageCache/com.unity.xr.oculus@1.9.1/Runtime/OculusLoader.cs Line: 249)

Mono: successfully reloaded assembly
- Completed reload, in  1.334 seconds
Platform modules already initialized, skipping
Shader 'Universal Render Pipeline/Particles/Lit': fallback shader 'Universal Render Pipeline/Particles/SimpleLit' not found
Refreshing native plugins compatible for Editor in 0.70 ms, found 8 plugins.
Preloading 1 native plugins for Editor in 0.09 ms.
Unloading 2980 Unused Serialized files (Serialized files now loaded: 0)
System memory in use before: 141.1 MB.
System memory in use after: 141.3 MB.

Unloading 22 unused Assets to reduce memory usage. Loaded Objects now: 3670.
Total: 2.515200 ms (FindLiveObjects: 0.294100 ms CreateObjectMapping: 0.149000 ms MarkObjects: 2.050300 ms  DeleteObjects: 0.020500 ms)

========================================================================
Received Import Request.
  Time since last request: 2495.168590 seconds.
  path: ProjectSettings/TagManager.asset
  artifactKey: Guid(00000000000000003000000000000000) Importer(815301076,1909f56bfc062723c751e8b465ee728b)
Start importing ProjectSettings/TagManager.asset using Guid(00000000000000003000000000000000) Importer(815301076,1909f56bfc062723c751e8b465ee728b)  -> (artifact id: 'a67452d56160c20267b519ca9a0b3670') in 0.021438 seconds
  Import took 0.027639 seconds .

========================================================================
Received Prepare
Registering precompiled user dll's ...
Registered in 0.005720 seconds.
Begin MonoManager ReloadAssembly
Native extension for WindowsStandalone target not found
Native extension for WebGL target not found
Refreshing native plugins compatible for Editor in 1.03 ms, found 8 plugins.
Preloading 1 native plugins for Editor in 0.10 ms.
NullReferenceException: Object reference not set to an instance of an object
  at Unity.XR.Oculus.OculusLoader.AssetPathToAbsolutePath (System.String assetPath) [0x00048] in C:\Users\Clayton\Desktop\Create with VR\Create-with-VR_2020LTS\VR Room Project\Library\PackageCache\com.unity.xr.oculus@1.9.1\Runtime\OculusLoader.cs:249 
  at Unity.XR.Oculus.OculusLoader.EditorLoadOVRPlugin () [0x0007b] in C:\Users\Clayton\Desktop\Create with VR\Create-with-VR_2020LTS\VR Room Project\Library\PackageCache\com.unity.xr.oculus@1.9.1\Runtime\OculusLoader.cs:234 

(Filename: Library/PackageCache/com.unity.xr.oculus@1.9.1/Runtime/OculusLoader.cs Line: 249)

Mono: successfully reloaded assembly
- Completed reload, in  1.285 seconds
Platform modules already initialized, skipping
Shader 'Universal Render Pipeline/Particles/Lit': fallback shader 'Universal Render Pipeline/Particles/SimpleLit' not found
Refreshing native plugins compatible for Editor in 0.76 ms, found 8 plugins.
Preloading 1 native plugins for Editor in 0.09 ms.
Unloading 2980 Unused Serialized files (Serialized files now loaded: 0)
System memory in use before: 141.1 MB.
System memory in use after: 141.4 MB.

Unloading 23 unused Assets to reduce memory usage. Loaded Objects now: 3674.
Total: 3.064600 ms (FindLiveObjects: 0.546400 ms CreateObjectMapping: 0.250700 ms MarkObjects: 2.241500 ms  DeleteObjects: 0.024700 ms)

========================================================================
Received Prepare
Registering precompiled user dll's ...
Registered in 0.007063 seconds.
Begin MonoManager ReloadAssembly
Native extension for WindowsStandalone target not found
Native extension for WebGL target not found
Refreshing native plugins compatible for Editor in 1.01 ms, found 8 plugins.
Preloading 1 native plugins for Editor in 0.10 ms.
NullReferenceException: Object reference not set to an instance of an object
  at Unity.XR.Oculus.OculusLoader.AssetPathToAbsolutePath (System.String assetPath) [0x00048] in C:\Users\Clayton\Desktop\Create with VR\Create-with-VR_2020LTS\VR Room Project\Library\PackageCache\com.unity.xr.oculus@1.9.1\Runtime\OculusLoader.cs:249 
  at Unity.XR.Oculus.OculusLoader.EditorLoadOVRPlugin () [0x0007b] in C:\Users\Clayton\Desktop\Create with VR\Create-with-VR_2020LTS\VR Room Project\Library\PackageCache\com.unity.xr.oculus@1.9.1\Runtime\OculusLoader.cs:234 

(Filename: Library/PackageCache/com.unity.xr.oculus@1.9.1/Runtime/OculusLoader.cs Line: 249)

Mono: successfully reloaded assembly
- Completed reload, in  1.154 seconds
Platform modules already initialized, skipping
Shader 'Universal Render Pipeline/Particles/Lit': fallback shader 'Universal Render Pipeline/Particles/SimpleLit' not found
Refreshing native plugins compatible for Editor in 0.85 ms, found 8 plugins.
Preloading 1 native plugins for Editor in 0.09 ms.
Unloading 2980 Unused Serialized files (Serialized files now loaded: 0)
System memory in use before: 141.2 MB.
System memory in use after: 141.4 MB.

Unloading 22 unused Assets to reduce memory usage. Loaded Objects now: 3678.
Total: 2.473500 ms (FindLiveObjects: 0.323700 ms CreateObjectMapping: 0.168000 ms MarkObjects: 1.958400 ms  DeleteObjects: 0.022300 ms)

========================================================================
Received Prepare
Registering precompiled user dll's ...
Registered in 0.006223 seconds.
Begin MonoManager ReloadAssembly
Native extension for WindowsStandalone target not found
Native extension for WebGL target not found
Refreshing native plugins compatible for Editor in 0.87 ms, found 8 plugins.
Preloading 1 native plugins for Editor in 0.10 ms.
NullReferenceException: Object reference not set to an instance of an object
  at Unity.XR.Oculus.OculusLoader.AssetPathToAbsolutePath (System.String assetPath) [0x00048] in C:\Users\Clayton\Desktop\Create with VR\Create-with-VR_2020LTS\VR Room Project\Library\PackageCache\com.unity.xr.oculus@1.9.1\Runtime\OculusLoader.cs:249 
  at Unity.XR.Oculus.OculusLoader.EditorLoadOVRPlugin () [0x0007b] in C:\Users\Clayton\Desktop\Create with VR\Create-with-VR_2020LTS\VR Room Project\Library\PackageCache\com.unity.xr.oculus@1.9.1\Runtime\OculusLoader.cs:234 

(Filename: Library/PackageCache/com.unity.xr.oculus@1.9.1/Runtime/OculusLoader.cs Line: 249)

Mono: successfully reloaded assembly
- Completed reload, in  1.258 seconds
Platform modules already initialized, skipping
Shader 'Universal Render Pipeline/Particles/Lit': fallback shader 'Universal Render Pipeline/Particles/SimpleLit' not found
Refreshing native plugins compatible for Editor in 0.97 ms, found 8 plugins.
Preloading 1 native plugins for Editor in 0.11 ms.
Unloading 2980 Unused Serialized files (Serialized files now loaded: 0)
System memory in use before: 141.2 MB.
System memory in use after: 141.4 MB.

Unloading 22 unused Assets to reduce memory usage. Loaded Objects now: 3682.
Total: 2.784100 ms (FindLiveObjects: 0.407500 ms CreateObjectMapping: 0.199800 ms MarkObjects: 2.154400 ms  DeleteObjects: 0.021600 ms)

========================================================================
Received Prepare
Registering precompiled user dll's ...
Registered in 0.006824 seconds.
Begin MonoManager ReloadAssembly
Native extension for WindowsStandalone target not found
Native extension for WebGL target not found
Refreshing native plugins compatible for Editor in 1.35 ms, found 8 plugins.
Preloading 1 native plugins for Editor in 0.52 ms.
NullReferenceException: Object reference not set to an instance of an object
  at Unity.XR.Oculus.OculusLoader.AssetPathToAbsolutePath (System.String assetPath) [0x00048] in C:\Users\Clayton\Desktop\Create with VR\Create-with-VR_2020LTS\VR Room Project\Library\PackageCache\com.unity.xr.oculus@1.9.1\Runtime\OculusLoader.cs:249 
  at Unity.XR.Oculus.OculusLoader.EditorLoadOVRPlugin () [0x0007b] in C:\Users\Clayton\Desktop\Create with VR\Create-with-VR_2020LTS\VR Room Project\Library\PackageCache\com.unity.xr.oculus@1.9.1\Runtime\OculusLoader.cs:234 

(Filename: Library/PackageCache/com.unity.xr.oculus@1.9.1/Runtime/OculusLoader.cs Line: 249)

Mono: successfully reloaded assembly
- Completed reload, in  1.260 seconds
Platform modules already initialized, skipping
Shader 'Universal Render Pipeline/Particles/Lit': fallback shader 'Universal Render Pipeline/Particles/SimpleLit' not found
Refreshing native plugins compatible for Editor in 0.73 ms, found 8 plugins.
Preloading 1 native plugins for Editor in 0.10 ms.
Unloading 2980 Unused Serialized files (Serialized files now loaded: 0)
System memory in use before: 141.2 MB.
System memory in use after: 141.4 MB.

Unloading 22 unused Assets to reduce memory usage. Loaded Objects now: 3686.
Total: 2.639900 ms (FindLiveObjects: 0.334600 ms CreateObjectMapping: 0.179300 ms MarkObjects: 2.106100 ms  DeleteObjects: 0.018800 ms)

========================================================================
Received Prepare
Registering precompiled user dll's ...
Registered in 0.007416 seconds.
Begin MonoManager ReloadAssembly
Native extension for WindowsStandalone target not found
Native extension for WebGL target not found
Refreshing native plugins compatible for Editor in 0.87 ms, found 8 plugins.
Preloading 1 native plugins for Editor in 0.11 ms.
NullReferenceException: Object reference not set to an instance of an object
  at Unity.XR.Oculus.OculusLoader.AssetPathToAbsolutePath (System.String assetPath) [0x00048] in C:\Users\Clayton\Desktop\Create with VR\Create-with-VR_2020LTS\VR Room Project\Library\PackageCache\com.unity.xr.oculus@1.9.1\Runtime\OculusLoader.cs:249 
  at Unity.XR.Oculus.OculusLoader.EditorLoadOVRPlugin () [0x0007b] in C:\Users\Clayton\Desktop\Create with VR\Create-with-VR_2020LTS\VR Room Project\Library\PackageCache\com.unity.xr.oculus@1.9.1\Runtime\OculusLoader.cs:234 

(Filename: Library/PackageCache/com.unity.xr.oculus@1.9.1/Runtime/OculusLoader.cs Line: 249)

Mono: successfully reloaded assembly
- Completed reload, in  1.261 seconds
Platform modules already initialized, skipping
Shader 'Universal Render Pipeline/Particles/Lit': fallback shader 'Universal Render Pipeline/Particles/SimpleLit' not found
Refreshing native plugins compatible for Editor in 0.70 ms, found 8 plugins.
Preloading 1 native plugins for Editor in 0.08 ms.
Unloading 2980 Unused Serialized files (Serialized files now loaded: 0)
System memory in use before: 141.2 MB.
System memory in use after: 141.4 MB.

Unloading 22 unused Assets to reduce memory usage. Loaded Objects now: 3690.
Total: 3.021600 ms (FindLiveObjects: 0.351800 ms CreateObjectMapping: 0.193800 ms MarkObjects: 2.445900 ms  DeleteObjects: 0.028200 ms)

========================================================================
Received Prepare
Registering precompiled user dll's ...
Registered in 0.006415 seconds.
Begin MonoManager ReloadAssembly
Native extension for WindowsStandalone target not found
Native extension for WebGL target not found
Refreshing native plugins compatible for Editor in 1.00 ms, found 8 plugins.
Preloading 1 native plugins for Editor in 0.12 ms.
NullReferenceException: Object reference not set to an instance of an object
  at Unity.XR.Oculus.OculusLoader.AssetPathToAbsolutePath (System.String assetPath) [0x00048] in C:\Users\Clayton\Desktop\Create with VR\Create-with-VR_2020LTS\VR Room Project\Library\PackageCache\com.unity.xr.oculus@1.9.1\Runtime\OculusLoader.cs:249 
  at Unity.XR.Oculus.OculusLoader.EditorLoadOVRPlugin () [0x0007b] in C:\Users\Clayton\Desktop\Create with VR\Create-with-VR_2020LTS\VR Room Project\Library\PackageCache\com.unity.xr.oculus@1.9.1\Runtime\OculusLoader.cs:234 

(Filename: Library/PackageCache/com.unity.xr.oculus@1.9.1/Runtime/OculusLoader.cs Line: 249)

Mono: successfully reloaded assembly
- Completed reload, in  1.445 seconds
Platform modules already initialized, skipping
Shader 'Universal Render Pipeline/Particles/Lit': fallback shader 'Universal Render Pipeline/Particles/SimpleLit' not found
Refreshing native plugins compatible for Editor in 0.91 ms, found 8 plugins.
Preloading 1 native plugins for Editor in 0.11 ms.
Unloading 2980 Unused Serialized files (Serialized files now loaded: 0)
System memory in use before: 141.2 MB.
System memory in use after: 141.5 MB.

Unloading 22 unused Assets to reduce memory usage. Loaded Objects now: 3694.
Total: 4.004800 ms (FindLiveObjects: 0.564900 ms CreateObjectMapping: 0.500000 ms MarkObjects: 2.835500 ms  DeleteObjects: 0.103400 ms)

